<?xml version="1.0" encoding="UTF-8"?>
<!-- Generated by org.testng.reporters.JUnitReportReporter -->
<testsuite hostname="INBOOK_X1_SLIM" failures="0" tests="3" name="testNG.testcaseClass" time="41.763" errors="0" timestamp="2024-06-10T12:30:13 IST" skipped="0">
  <testcase classname="testNG.testcaseClass" name="openChrome2" time="26.546"/>
  <system-out/>
  <testcase classname="testNG.testcaseClass" name="openChrome3" time="8.834"/>
  <system-out/>
  <testcase classname="testNG.testcaseClass" name="openChrome1" time="6.383"/>
  <system-out/>
</testsuite> <!-- testNG.testcaseClass -->
