<?xml version="1.0" encoding="UTF-8"?>
<!-- Generated by org.testng.reporters.JUnitReportReporter -->
<testsuite hostname="INBOOK_X1_SLIM" failures="0" tests="3" name="testNG.testcaseClass" time="55.269" errors="0" timestamp="2024-06-09T23:51:27 IST" skipped="0">
  <testcase classname="testNG.testcaseClass" name="openChrome1" time="40.337"/>
  <system-out/>
  <testcase classname="testNG.testcaseClass" name="openChrome3" time="6.781"/>
  <system-out/>
  <testcase classname="testNG.testcaseClass" name="openChrome2" time="8.151"/>
  <system-out/>
</testsuite> <!-- testNG.testcaseClass -->
