<?xml version="1.0" encoding="UTF-8"?>
<!-- Generated by org.testng.reporters.JUnitReportReporter -->
<testsuite hostname="INBOOK_X1_SLIM" failures="0" tests="1" name="assertion.validation" time="5.716" errors="0" timestamp="2024-06-14T13:14:56 IST" skipped="0">
  <testcase classname="assertion.validation" name="getTitle" time="5.716"/>
  <system-out/>
</testsuite> <!-- assertion.validation -->
