<?xml version="1.0" encoding="UTF-8"?>
<!-- Generated by org.testng.reporters.JUnitReportReporter -->
<testsuite hostname="INBOOK_X1_SLIM" failures="0" tests="7" name="usPackage.usPackageclass" time="11.163" errors="0" timestamp="2024-06-16T14:24:48 IST" skipped="0">
  <testcase classname="usPackage.usPackageclass" name="close" time="0.133"/>
  <system-out/>
  <testcase classname="usPackage.usPackageclass" name="fillingDetails" time="0.839"/>
  <system-out/>
  <testcase classname="usPackage.usPackageclass" name="fillingDetails" time="1.050"/>
  <system-out/>
  <testcase classname="usPackage.usPackageclass" name="fillingDetails" time="1.039"/>
  <system-out/>
  <testcase classname="usPackage.usPackageclass" name="fillingDetails" time="0.759"/>
  <system-out/>
  <testcase classname="usPackage.usPackageclass" name="fillingDetails" time="0.881"/>
  <system-out/>
  <testcase classname="usPackage.usPackageclass" name="invokeBrowser" time="6.462"/>
  <system-out/>
</testsuite> <!-- usPackage.usPackageclass -->
