<?xml version="1.0" encoding="UTF-8"?>
<!-- Generated by org.testng.reporters.JUnitReportReporter -->
<testsuite hostname="INBOOK_X1_SLIM" failures="0" tests="5" name="featuresTestNG.featuresofTestNG" time="8.231" errors="0" timestamp="2024-06-13T17:20:30 IST" skipped="0">
  <testcase classname="featuresTestNG.featuresofTestNG" name="login" time="0.003"/>
  <system-out/>
  <testcase classname="featuresTestNG.featuresofTestNG" name="invokeBrowser" time="8.222"/>
  <system-out/>
  <testcase classname="featuresTestNG.featuresofTestNG" name="chatPage" time="0.003"/>
  <system-out/>
  <testcase classname="featuresTestNG.featuresofTestNG" name="messagePage" time="0.001"/>
  <system-out/>
  <testcase classname="featuresTestNG.featuresofTestNG" name="HomePage" time="0.002"/>
  <system-out/>
</testsuite> <!-- featuresTestNG.featuresofTestNG -->
